0 info it worked if it ends with ok
1 verbose cli [ '/usr/local/Cellar/node4-lts/4.3.2/bin/node',
1 verbose cli   '/Users/lewisdaly/.node/bin/npm',
1 verbose cli   'run',
1 verbose cli   'prod' ]
2 info using npm@3.9.5
3 info using node@v6.2.1
4 verbose run-script [ 'preprod', 'prod', 'postprod' ]
5 info lifecycle ionic_rainapp@1.0.0~preprod: ionic_rainapp@1.0.0
6 silly lifecycle ionic_rainapp@1.0.0~preprod: no script for preprod, continuing
7 info lifecycle ionic_rainapp@1.0.0~prod: ionic_rainapp@1.0.0
8 verbose lifecycle ionic_rainapp@1.0.0~prod: unsafe-perm in lifecycle true
9 verbose lifecycle ionic_rainapp@1.0.0~prod: PATH: /Users/lewisdaly/.node/lib/node_modules/npm/bin/node-gyp-bin:/Users/lewisdaly/Developer/mywell/mywell-server/mywell-ui/node_modules/.bin:/usr/local/Cellar/node4-lts/4.3.2/bin:/Applications/Sublime\ Text.app/Contents/SharedSupport/bin:/usr/local/heroku/bin:/Users/lewisdaly/.node/bin:/usr/local/bin:/usr/bin:/bin:/usr/sbin:/sbin:/opt/X11/bin:/Users/lewisdaly/Library/Android/sdk/platform-tools
10 verbose lifecycle ionic_rainapp@1.0.0~prod: CWD: /Users/lewisdaly/Developer/mywell/mywell-server/mywell-ui
11 silly lifecycle ionic_rainapp@1.0.0~prod: Args: [ '-c',
11 silly lifecycle   'PORT=80 ./node_modules/nodemon/bin/nodemon.js server.js --exec ./node_modules/babel-cli/bin/babel-node.js --presets es2015,stage-2' ]
12 silly lifecycle ionic_rainapp@1.0.0~prod: Returned: code: 1  signal: null
13 info lifecycle ionic_rainapp@1.0.0~prod: Failed to exec prod script
14 verbose stack Error: ionic_rainapp@1.0.0 prod: `PORT=80 ./node_modules/nodemon/bin/nodemon.js server.js --exec ./node_modules/babel-cli/bin/babel-node.js --presets es2015,stage-2`
14 verbose stack Exit status 1
14 verbose stack     at EventEmitter.<anonymous> (/Users/lewisdaly/.node/lib/node_modules/npm/lib/utils/lifecycle.js:245:16)
14 verbose stack     at emitTwo (events.js:106:13)
14 verbose stack     at EventEmitter.emit (events.js:191:7)
14 verbose stack     at ChildProcess.<anonymous> (/Users/lewisdaly/.node/lib/node_modules/npm/lib/utils/spawn.js:24:14)
14 verbose stack     at emitTwo (events.js:106:13)
14 verbose stack     at ChildProcess.emit (events.js:191:7)
14 verbose stack     at maybeClose (internal/child_process.js:852:16)
14 verbose stack     at Process.ChildProcess._handle.onexit (internal/child_process.js:215:5)
15 verbose pkgid ionic_rainapp@1.0.0
16 verbose cwd /Users/lewisdaly/Developer/mywell/mywell-server/mywell-ui
17 error Darwin 15.0.0
18 error argv "/usr/local/Cellar/node4-lts/4.3.2/bin/node" "/Users/lewisdaly/.node/bin/npm" "run" "prod"
19 error node v6.2.1
20 error npm  v3.9.5
21 error code ELIFECYCLE
22 error ionic_rainapp@1.0.0 prod: `PORT=80 ./node_modules/nodemon/bin/nodemon.js server.js --exec ./node_modules/babel-cli/bin/babel-node.js --presets es2015,stage-2`
22 error Exit status 1
23 error Failed at the ionic_rainapp@1.0.0 prod script 'PORT=80 ./node_modules/nodemon/bin/nodemon.js server.js --exec ./node_modules/babel-cli/bin/babel-node.js --presets es2015,stage-2'.
23 error Make sure you have the latest version of node.js and npm installed.
23 error If you do, this is most likely a problem with the ionic_rainapp package,
23 error not with npm itself.
23 error Tell the author that this fails on your system:
23 error     PORT=80 ./node_modules/nodemon/bin/nodemon.js server.js --exec ./node_modules/babel-cli/bin/babel-node.js --presets es2015,stage-2
23 error You can get information on how to open an issue for this project with:
23 error     npm bugs ionic_rainapp
23 error Or if that isn't available, you can get their info via:
23 error     npm owner ls ionic_rainapp
23 error There is likely additional logging output above.
24 verbose exit [ 1, true ]
